Base path: C:/Program Files (x86)/Unity/Editor/Data
Pipe name: \\.\pipe\UnityShaderCompiler-7-2336
Cmd: getPlatforms
Cmd: compileSnippet
  api=0 type=1 insize=10627 outsize=6 kw= ok=1
Cmd: compileSnippet
  api=8 type=0 insize=1242 outsize=1958 kw= ok=1
Cmd: compileSnippet
  api=0 type=0 insize=32668 outsize=8890 kw= ok=1
Cmd: compileSnippet
  api=8 type=0 insize=1347 outsize=2275 kw= ok=1
Cmd: compileSnippet
  api=0 type=0 insize=872 outsize=428 kw= ok=1
Cmd: compileSnippet
  api=0 type=0 insize=1749 outsize=671 kw= ok=1
Cmd: compileSnippet
  api=8 type=1 insize=1749 outsize=4818 kw= ok=1
Cmd: compileSnippet
  api=0 type=1 insize=32678 outsize=6 kw= ok=1
Cmd: compileSnippet
  api=0 type=0 insize=6851 outsize=3133 kw= ok=1
Cmd: compileSnippet
  api=1 type=0 insize=4192 outsize=458 kw= ok=1
Cmd: compileSnippet
  api=1 type=0 insize=4197 outsize=458 kw= ok=1
Unhandled exception: Readfile from pipe failed. GLE=The pipe has been ended.


Quitting shader compiler process
